   1               		.file	"uart.c"
   2               	__SREG__ = 0x3f
   3               	__SP_H__ = 0x3e
   4               	__SP_L__ = 0x3d
   5               	__CCP__  = 0x34
   6               	__tmp_reg__ = 0
   7               	__zero_reg__ = 1
  15               	.Ltext0:
  16               		.section	.text.uartTx,"ax",@progbits
  17               	.global	uartTx
  19               	uartTx:
  20               	.LFB2:
  21               	.LSM0:
  22               	.LVL0:
  23               	/* prologue: function */
  24               	/* frame size = 0 */
  25 0000 982F      		mov r25,r24
  26               	.LVL1:
  27               	.L2:
  28               	.LSM1:
  29 0002 8091 C800 		lds r24,200
  30 0006 85FF      		sbrs r24,5
  31 0008 00C0      		rjmp .L2
  32               	.LSM2:
  33 000a 9093 CE00 		sts 206,r25
  34               	/* epilogue start */
  35               	.LSM3:
  36 000e 0895      		ret
  37               	.LFE2:
  39               		.section	.text.uartRx,"ax",@progbits
  40               	.global	uartRx
  42               	uartRx:
  43               	.LFB3:
  44               	.LSM4:
  45               	/* prologue: function */
  46               	/* frame size = 0 */
  47               	.L6:
  48               	.LSM5:
  49 0000 8091 C800 		lds r24,200
  50 0004 87FF      		sbrs r24,7
  51 0006 00C0      		rjmp .L6
  52               	.LSM6:
  53 0008 8091 CE00 		lds r24,206
  54               	/* epilogue start */
  55               	.LSM7:
  56 000c 0895      		ret
  57               	.LFE3:
  59               		.section	.text.uartInit,"ax",@progbits
  60               	.global	uartInit
  62               	uartInit:
  63               	.LFB4:
  64               	.LSM8:
  65               	/* prologue: function */
  66               	/* frame size = 0 */
  67               	.LSM9:
  68 0000 1092 CD00 		sts 205,__zero_reg__
  69               	.LSM10:
  70 0004 89E1      		ldi r24,lo8(25)
  71 0006 8093 CC00 		sts 204,r24
  72               	.LSM11:
  73 000a 88E1      		ldi r24,lo8(24)
  74 000c 8093 C900 		sts 201,r24
  75               	/* epilogue start */
  76               	.LSM12:
  77 0010 0895      		ret
  78               	.LFE4:
 120               	.Letext0:
DEFINED SYMBOLS
                            *ABS*:00000000 uart.c
C:\DOCUME~1\jase\LOCALS~1\Temp/cchGD8jC.s:2      *ABS*:0000003f __SREG__
C:\DOCUME~1\jase\LOCALS~1\Temp/cchGD8jC.s:3      *ABS*:0000003e __SP_H__
C:\DOCUME~1\jase\LOCALS~1\Temp/cchGD8jC.s:4      *ABS*:0000003d __SP_L__
C:\DOCUME~1\jase\LOCALS~1\Temp/cchGD8jC.s:5      *ABS*:00000034 __CCP__
C:\DOCUME~1\jase\LOCALS~1\Temp/cchGD8jC.s:6      *ABS*:00000000 __tmp_reg__
C:\DOCUME~1\jase\LOCALS~1\Temp/cchGD8jC.s:7      *ABS*:00000001 __zero_reg__
C:\DOCUME~1\jase\LOCALS~1\Temp/cchGD8jC.s:19     .text.uartTx:00000000 uartTx
C:\DOCUME~1\jase\LOCALS~1\Temp/cchGD8jC.s:42     .text.uartRx:00000000 uartRx
C:\DOCUME~1\jase\LOCALS~1\Temp/cchGD8jC.s:62     .text.uartInit:00000000 uartInit

NO UNDEFINED SYMBOLS
